<?xml version="1.0" encoding="UTF-8" ?> 
<testsuites id="id" name="result name" tests="2" failures="1" errors="" time="20">
    <testsuite id="codereview.cobol.analysisProvider" name="suite name 1" tests="1" failures="1" time="10">
        <properties>
          <property name="key1" value="value1" />
          <property name="key2" value="value2" />
        </properties>
        <testcase id="codereview.cobol.rules.ProgramIdRule" name="Use a program name that matches the source file name" time="10">
            <properties>
                <property name="key1" value="override-value1" />
            </properties>
            <failure message="PROGRAM.cbl:2 Use a program name that matches the source file name" type="WARNING">
                Some Text
            </failure>
        </testcase>
    </testsuite>
    <testsuite id="codereview.cobol.analysisProvider" name="suite name 2" tests="1" failures="0" time="10">
        <testcase id="codereview.cobol.rules.ProgramIdRule" name="Use a program name that matches the source file name" time="10">
            <failure message="PROGRAM.cbl:2 Use a program name that matches the source file name" type="WARNING">
                Some Text
            </failure>
        </testcase>
    </testsuite>
</testsuites>