<testsuites id="" name="" tests="16" failures="2" skipped="0" errors="0" time="10.297842000000001">
<testsuite name="demo-todo-app.spec.ts" timestamp="2024-05-21T13:09:23.747Z" hostname="chromium" tests="6" failures="0" skipped="0" time="6.586" errors="0">
<testcase name="New Todo › should allow me to add todo items" classname="demo-todo-app.spec.ts" time="1.535">
</testcase>
<testcase name="New Todo › should clear text input field when an item is added" classname="demo-todo-app.spec.ts" time="0.611">
</testcase>
<testcase name="New Todo › should append new items to the bottom of the list" classname="demo-todo-app.spec.ts" time="0.655">
</testcase>
<testcase name="Mark all as completed › should allow me to mark all items as completed" classname="demo-todo-app.spec.ts" time="1.481">
</testcase>
<testcase name="Mark all as completed › should allow me to clear the complete state of all items" classname="demo-todo-app.spec.ts" time="1.012">
</testcase>
<testcase name="Mark all as completed › complete all checkbox should update state when items are completed / cleared" classname="demo-todo-app.spec.ts" time="1.292">
</testcase>
</testsuite>
<testsuite name="example.spec.ts" timestamp="2024-05-21T13:09:23.747Z" hostname="chromium" tests="2" failures="1" skipped="0" time="5.908" errors="0">
<testcase name="has title" classname="example.spec.ts" time="0.475">
</testcase>
<testcase name="get started link" classname="example.spec.ts" time="5.433">
<failure message="example.spec.ts:10:5 get started link" type="FAILURE">
<![CDATA[  [chromium] › example.spec.ts:10:5 › get started link ─────────────────────────────────────────────

    Error: Timed out 5000ms waiting for expect(locator).toBeVisible()

    Locator: getByRole('heading', { name: 'Installations' })
    Expected: visible
    Received: <element(s) not found>
    Call log:
      - expect.toBeVisible with timeout 5000ms
      - waiting for getByRole('heading', { name: 'Installations' })


      15 |
      16 |   // Expects page to have a heading with the name of Installation.
    > 17 |   await expect(page.getByRole('heading', { name: 'Installations' })).toBeVisible();
         |                                                                      ^
      18 | });
      19 |

        at /Users/anudeep/Documents/my/repos/test-results-reporter/example-playwright-testbeats/tests/example.spec.ts:17:70

    attachment #1: screenshot (image/png) ──────────────────────────────────────────────────────────
    test-results/example-get-started-link-chromium/test-failed-1.png
    ────────────────────────────────────────────────────────────────────────────────────────────────
]]>
</failure>
<system-out>
<![CDATA[
[[ATTACHMENT|example-get-started-link-chromium/test-failed-1.png]]
]]>
</system-out>
</testcase>
</testsuite>
<testsuite name="demo-todo-app.spec.ts" timestamp="2024-05-21T13:09:23.747Z" hostname="firefox" tests="6" failures="0" skipped="0" time="6.809" errors="0">
<testcase name="New Todo › should allow me to add todo items" classname="demo-todo-app.spec.ts" time="1.186">
</testcase>
<testcase name="New Todo › should clear text input field when an item is added" classname="demo-todo-app.spec.ts" time="1.06">
</testcase>
<testcase name="New Todo › should append new items to the bottom of the list" classname="demo-todo-app.spec.ts" time="1.194">
</testcase>
<testcase name="Mark all as completed › should allow me to mark all items as completed" classname="demo-todo-app.spec.ts" time="1.323">
</testcase>
<testcase name="Mark all as completed › should allow me to clear the complete state of all items" classname="demo-todo-app.spec.ts" time="1.314">
</testcase>
<testcase name="Mark all as completed › complete all checkbox should update state when items are completed / cleared" classname="demo-todo-app.spec.ts" time="0.732">
</testcase>
</testsuite>
<testsuite name="example.spec.ts" timestamp="2024-05-21T13:09:23.747Z" hostname="firefox" tests="2" failures="1" skipped="0" time="6.131" errors="0">
<testcase name="has title" classname="example.spec.ts" time="0.566">
</testcase>
<testcase name="get started link" classname="example.spec.ts" time="5.565">
<failure message="example.spec.ts:10:5 get started link" type="FAILURE">
<![CDATA[  [firefox] › example.spec.ts:10:5 › get started link ──────────────────────────────────────────────

    Error: Timed out 5000ms waiting for expect(locator).toBeVisible()

    Locator: getByRole('heading', { name: 'Installations' })
    Expected: visible
    Received: <element(s) not found>
    Call log:
      - expect.toBeVisible with timeout 5000ms
      - waiting for getByRole('heading', { name: 'Installations' })


      15 |
      16 |   // Expects page to have a heading with the name of Installation.
    > 17 |   await expect(page.getByRole('heading', { name: 'Installations' })).toBeVisible();
         |                                                                      ^
      18 | });
      19 |

        at /Users/anudeep/Documents/my/repos/test-results-reporter/example-playwright-testbeats/tests/example.spec.ts:17:70

    attachment #1: screenshot (image/png) ──────────────────────────────────────────────────────────
    test-results/example-get-started-link-firefox/test-failed-1.png
    ────────────────────────────────────────────────────────────────────────────────────────────────
]]>
</failure>
<system-out>
<![CDATA[
[[ATTACHMENT|example-get-started-link-firefox/test-failed-1.png]]
]]>
</system-out>
</testcase>
</testsuite>
</testsuites>